<?xml version="1.0" encoding="UTF-8"?>
<testsuite name="com.m2p.CheckFizzBuzzTest" tests="6" skipped="0" failures="0" errors="0" timestamp="2023-03-30T05:32:39" hostname="M2P-LAP-458" time="0.022">
  <properties/>
  <testcase name="toReturnFizzBuzzWhenDivisibleByBothThreeAndFive()" classname="com.m2p.CheckFizzBuzzTest" time="0.013"/>
  <testcase name="toReturnTheNumberItselfWhenSixTeenIsEntered()" classname="com.m2p.CheckFizzBuzzTest" time="0.001"/>
  <testcase name="toReturnFizzWhenDivisibleByThree()" classname="com.m2p.CheckFizzBuzzTest" time="0.0"/>
  <testcase name="toReturnBuzzWhenDivisibleByFive()" classname="com.m2p.CheckFizzBuzzTest" time="0.001"/>
  <testcase name="toReturnExceptionWhenHundredAndFiveIsEntered()" classname="com.m2p.CheckFizzBuzzTest" time="0.002"/>
  <testcase name="toReturnExceptionWhenMinusFiveIsEntered()" classname="com.m2p.CheckFizzBuzzTest" time="0.001"/>
  <system-out><![CDATA[]]></system-out>
  <system-err><![CDATA[]]></system-err>
</testsuite>
